---------------------------------------------------------------
[2019-08-03T23:47:21+08:00] ::1 GET www.92amz.com/website/shopSelection
[运行时间：0.498796s] [吞吐率：2.00req/s] [内存消耗：5,510.65kb] [文件加载：159]
[ info ] [ LANG ] /Users/chenyouxi/Desktop/WWW/91amz/thinkphp/lang/zh-cn.php
[ info ] [ ROUTE ] array (
  'rule' => 'website/shopSelection',
  'route' => 'website/Shop/selection',
  'option' => 
  array (
    'merge_rule_regex' => false,
  ),
  'var' => 
  array (
  ),
)
[ info ] [ HEADER ] array (
  'host' => 'www.92amz.com',
  'user-agent' => 'Mozilla/5.0 (Macintosh; Intel Mac OS X 10.14; rv:68.0) Gecko/20100101 Firefox/68.0',
  'accept' => 'text/html,application/xhtml+xml,application/xml;q=0.9,*/*;q=0.8',
  'accept-language' => 'zh-CN,zh;q=0.8,zh-TW;q=0.7,zh-HK;q=0.5,en-US;q=0.3,en;q=0.2',
  'accept-encoding' => 'gzip, deflate',
  'referer' => 'http://www.92amz.com/',
  'connection' => 'keep-alive',
  'cookie' => '0127c737817a00ab5dc2b948047bf75c=%7B476C186C-CFEB-5613-DFE1-3A192C0BE2F1%7D; 31a2e73502ccbf10966a339460d1b5b1=%7B23930D6D-0954-135B-2872-20384CFF0385%7D; e67c9e70b49b9ce74888eec979f1da10=%7B57169459-095E-E217-6ADA-ECFDEA49F796%7D; PHPSESSID=3c300e7f35f95b8e028a83dce0944f2b',
  'upgrade-insecure-requests' => '1',
  'cache-control' => 'max-age=0',
)
[ info ] [ PARAM ] array (
)
[ info ] [ DB ] INIT mysql
[ info ] [ VIEW ] /Users/chenyouxi/Desktop/WWW/91amz/application/website/view/shop/selection.html [ array (
  0 => 'getSmsList',
  1 => 'userMobile',
  2 => 'smsCount',
  3 => 'isLogin',
  4 => 'userInfo',
  5 => 'page_count',
  6 => 'total_count',
  7 => 'page',
  8 => 'page_num',
  9 => 'country',
  10 => 'title',
  11 => 'countryConfig',
  12 => 'nodeList',
  13 => 'getSIV',
  14 => 'getFSV',
  15 => 'getSPLV',
  16 => 'userBehavior',
  17 => 'totalCount',
  18 => 'pageCount',
) ]
[ sql ] [ DB ] CONNECT:[ UseTime:0.000972s ] mysql:host=localhost;port=3306;dbname=amz;charset=utf8mb4
[ sql ] [ SQL ] SHOW COLUMNS FROM `amz_user` [ RunTime:0.010811s ]
[ sql ] [ SQL ] SELECT `integral`,`nickName`,`wxUnionid`,`userFace`,`sessionId`,`userMobile` FROM `amz_user` WHERE  ( userId=8015 ) LIMIT 1 [ RunTime:0.002639s ]
[ sql ] [ SQL ] SHOW COLUMNS FROM `amz_sms` [ RunTime:0.002675s ]
[ sql ] [ SQL ] SELECT COUNT(*) AS tp_count FROM `amz_sms` WHERE  `userId` = 8015  AND `status` = -1  AND `smsType` = 1 [ RunTime:0.001755s ]
[ sql ] [ SQL ] SELECT * FROM `amz_sms` WHERE  `userId` = 8015  AND `status` = -1  AND `smsType` = 1 ORDER BY `autoId` DESC LIMIT 0,2 [ RunTime:0.001743s ]
[ sql ] [ SQL ] SHOW COLUMNS FROM `amz_node` [ RunTime:0.000780s ]
[ sql ] [ SQL ] SELECT * FROM `amz_node` WHERE  `country` = 'us' ORDER BY `autoId` ASC LIMIT 0,1000 [ RunTime:0.003594s ]
[ sql ] [ SQL ] SHOW COLUMNS FROM `amz_config` [ RunTime:0.003830s ]
[ sql ] [ SQL ] SELECT `configValue` FROM `amz_config` WHERE  `configName` = 'integral_get_seller' LIMIT 1 [ RunTime:0.000639s ]
[ sql ] [ SQL ] SELECT `configValue` FROM `amz_config` WHERE  `configName` = 'integral_filter_seller' LIMIT 1 [ RunTime:0.000334s ]
[ sql ] [ SQL ] SELECT `configValue` FROM `amz_config` WHERE  `configName` = 'integral_get_sellerProductList' LIMIT 1 [ RunTime:0.000324s ]
---------------------------------------------------------------
[2019-08-03T23:47:22+08:00] ::1 POST www.92amz.com/website/ajaxUserBehavior
[运行时间：0.344267s] [吞吐率：2.90req/s] [内存消耗：4,413.73kb] [文件加载：156]
[ info ] [ LANG ] /Users/chenyouxi/Desktop/WWW/91amz/thinkphp/lang/zh-cn.php
[ info ] [ ROUTE ] array (
  'rule' => 'website/ajaxUserBehavior',
  'route' => 'website/Shop/ajaxUserBehavior',
  'option' => 
  array (
    'merge_rule_regex' => false,
  ),
  'var' => 
  array (
  ),
)
[ info ] [ HEADER ] array (
  'host' => 'www.92amz.com',
  'user-agent' => 'Mozilla/5.0 (Macintosh; Intel Mac OS X 10.14; rv:68.0) Gecko/20100101 Firefox/68.0',
  'accept' => 'application/json, text/javascript, */*; q=0.01',
  'accept-language' => 'zh-CN,zh;q=0.8,zh-TW;q=0.7,zh-HK;q=0.5,en-US;q=0.3,en;q=0.2',
  'accept-encoding' => 'gzip, deflate',
  'referer' => 'http://www.92amz.com/website/shopSelection',
  'content-type' => 'application/x-www-form-urlencoded; charset=UTF-8',
  'x-requested-with' => 'XMLHttpRequest',
  'content-length' => '6',
  'connection' => 'keep-alive',
  'cookie' => '0127c737817a00ab5dc2b948047bf75c=%7B476C186C-CFEB-5613-DFE1-3A192C0BE2F1%7D; 31a2e73502ccbf10966a339460d1b5b1=%7B23930D6D-0954-135B-2872-20384CFF0385%7D; e67c9e70b49b9ce74888eec979f1da10=%7B57169459-095E-E217-6ADA-ECFDEA49F796%7D; PHPSESSID=3c300e7f35f95b8e028a83dce0944f2b',
  'cache-control' => 'max-age=0',
)
[ info ] [ PARAM ] array (
  'page' => '1',
)
[ info ] [ DB ] INIT mysql
[ sql ] [ DB ] CONNECT:[ UseTime:0.001233s ] mysql:host=localhost;port=3306;dbname=amz;charset=utf8mb4
[ sql ] [ SQL ] SHOW COLUMNS FROM `amz_user` [ RunTime:0.001057s ]
[ sql ] [ SQL ] SELECT `integral`,`nickName`,`wxUnionid`,`userFace`,`sessionId`,`userMobile` FROM `amz_user` WHERE  ( userId=8015 ) LIMIT 1 [ RunTime:0.000500s ]
[ sql ] [ SQL ] SHOW COLUMNS FROM `amz_sms` [ RunTime:0.000763s ]
[ sql ] [ SQL ] SELECT COUNT(*) AS tp_count FROM `amz_sms` WHERE  `userId` = 8015  AND `status` = -1  AND `smsType` = 1 [ RunTime:0.000608s ]
[ sql ] [ SQL ] SELECT * FROM `amz_sms` WHERE  `userId` = 8015  AND `status` = -1  AND `smsType` = 1 ORDER BY `autoId` DESC LIMIT 0,2 [ RunTime:0.000570s ]
[ sql ] [ SQL ] SHOW COLUMNS FROM `amz_node` [ RunTime:0.000941s ]
[ sql ] [ SQL ] SELECT * FROM `amz_node` WHERE  `nodeId` IN ('') ORDER BY `autoId` ASC LIMIT 0,1000 [ RunTime:0.000776s ]
[ sql ] [ SQL ] SELECT * FROM `amz_node` WHERE  `nodeId` IN ('2619525011','2619533011','15684181','3760901') ORDER BY `autoId` ASC LIMIT 0,1000 [ RunTime:0.002086s ]
[ sql ] [ SQL ] SELECT * FROM `amz_node` WHERE  `nodeId` IN ('') ORDER BY `autoId` ASC LIMIT 0,1000 [ RunTime:0.000466s ]
[ sql ] [ SQL ] SELECT * FROM `amz_node` WHERE  `nodeId` IN ('11091801','2619525011','2619533011','15684181','3760901') ORDER BY `autoId` ASC LIMIT 0,1000 [ RunTime:0.000541s ]
[ sql ] [ SQL ] SELECT * FROM `amz_node` WHERE  `nodeId` IN ('11091801','2619525011','2619533011','15684181','3760901') ORDER BY `autoId` ASC LIMIT 0,1000 [ RunTime:0.000528s ]
[ sql ] [ SQL ] SELECT * FROM `amz_node` WHERE  `nodeId` IN ('') ORDER BY `autoId` ASC LIMIT 0,1000 [ RunTime:0.000421s ]
[ sql ] [ SQL ] SELECT * FROM `amz_node` WHERE  `nodeId` IN ('468642') ORDER BY `autoId` ASC LIMIT 0,1000 [ RunTime:0.000477s ]
[ sql ] [ SQL ] SELECT * FROM `amz_node` WHERE  `nodeId` IN ('10272111') ORDER BY `autoId` ASC LIMIT 0,1000 [ RunTime:0.000461s ]
[ sql ] [ SQL ] SELECT * FROM `amz_node` WHERE  `nodeId` IN ('468642') ORDER BY `autoId` ASC LIMIT 0,1000 [ RunTime:0.000409s ]
[ sql ] [ SQL ] SELECT * FROM `amz_node` WHERE  `nodeId` IN ('165793011','2972638011','283155','2617941011','229534') ORDER BY `autoId` ASC LIMIT 0,1000 [ RunTime:0.001535s ]
[ sql ] [ SQL ] SELECT * FROM `amz_node` WHERE  `nodeId` IN ('165796011','7141123011','1064954','16310101','228013') ORDER BY `autoId` ASC LIMIT 0,1000 [ RunTime:0.000565s ]
[ sql ] [ SQL ] SELECT * FROM `amz_node` WHERE  `nodeId` IN ('165796011') ORDER BY `autoId` ASC LIMIT 0,1000 [ RunTime:0.000436s ]
[ sql ] [ SQL ] SELECT * FROM `amz_node` WHERE  `nodeId` IN ('7141123011','1064954') ORDER BY `autoId` ASC LIMIT 0,1000 [ RunTime:0.000555s ]
[ sql ] [ SQL ] SELECT * FROM `amz_node` WHERE  `nodeId` IN ('4991425011','16310091') ORDER BY `autoId` ASC LIMIT 0,1000 [ RunTime:0.000504s ]
[ sql ] [ SQL ] SELECT * FROM `amz_node` WHERE  `nodeId` IN ('2206275011','8604903011','8604915011') ORDER BY `autoId` ASC LIMIT 0,1000 [ RunTime:0.000657s ]
[ sql ] [ SQL ] SELECT * FROM `amz_node` WHERE  `nodeId` IN ('2206275011') ORDER BY `autoId` ASC LIMIT 0,1000 [ RunTime:0.000466s ]
[ sql ] [ SQL ] SELECT * FROM `amz_node` WHERE  `nodeId` IN ('2206275011') ORDER BY `autoId` ASC LIMIT 0,1000 [ RunTime:0.000437s ]
[ sql ] [ SQL ] SELECT * FROM `amz_node` WHERE  `nodeId` IN ('4772050031','667049031','1951051031','667040031','599373031') ORDER BY `autoId` ASC LIMIT 0,1000 [ RunTime:0.001391s ]
[ sql ] [ SQL ] SELECT * FROM `amz_node` WHERE  `nodeId` IN ('4772050031','667049031','1951051031','667040031','599373031') ORDER BY `autoId` ASC LIMIT 0,1000 [ RunTime:0.000610s ]
[ sql ] [ SQL ] SELECT * FROM `amz_node` WHERE  `nodeId` IN ('4772050031','667049031','1951051031','667040031','599373031') ORDER BY `autoId` ASC LIMIT 0,1000 [ RunTime:0.000501s ]
[ sql ] [ SQL ] SELECT * FROM `amz_node` WHERE  `nodeId` IN ('4772050031','667049031','1951051031','667040031','599373031') ORDER BY `autoId` ASC LIMIT 0,1000 [ RunTime:0.000465s ]
[ sql ] [ SQL ] SELECT * FROM `amz_node` WHERE  `nodeId` IN ('4772050031','667049031','1951051031','667040031','599373031') ORDER BY `autoId` ASC LIMIT 0,1000 [ RunTime:0.000507s ]
[ sql ] [ SQL ] SELECT * FROM `amz_node` WHERE  `nodeId` IN ('4772050031','667049031','1951051031','667040031','599373031') ORDER BY `autoId` ASC LIMIT 0,1000 [ RunTime:0.000482s ]
[ sql ] [ SQL ] SELECT * FROM `amz_node` WHERE  `nodeId` IN ('13299531','160384011','3445393051','2017304051','2277724051') ORDER BY `autoId` ASC LIMIT 0,1000 [ RunTime:0.000510s ]
[ sql ] [ SQL ] SELECT * FROM `amz_node` WHERE  `nodeId` IN ('165796011','163856011','165793011','2972638011','4991425011') ORDER BY `autoId` ASC LIMIT 0,1000 [ RunTime:0.000519s ]
[ sql ] [ SQL ] SELECT * FROM `amz_node` WHERE  `nodeId` IN ('2972638011','283155','11091801','2619525011','2619533011') ORDER BY `autoId` ASC LIMIT 0,1000 [ RunTime:0.000460s ]
[ sql ] [ SQL ] SELECT * FROM `amz_node` WHERE  `nodeId` IN ('2972638011','283155','11091801','2619525011','2619533011') ORDER BY `autoId` ASC LIMIT 0,1000 [ RunTime:0.000480s ]
[ sql ] [ SQL ] SELECT * FROM `amz_node` WHERE  `nodeId` IN ('7141123011','1064954','16310101','228013','2625373011') ORDER BY `autoId` ASC LIMIT 0,1000 [ RunTime:0.000472s ]
[ sql ] [ SQL ] SELECT * FROM `amz_node` WHERE  `nodeId` IN ('165796011','7141123011','1064954','16310101','228013') ORDER BY `autoId` ASC LIMIT 0,1000 [ RunTime:0.000441s ]
[ sql ] [ SQL ] SELECT * FROM `amz_node` WHERE  `nodeId` IN ('165796011','7141123011','1064954','16310101','228013') ORDER BY `autoId` ASC LIMIT 0,1000 [ RunTime:0.000602s ]
[ sql ] [ SQL ] SELECT * FROM `amz_node` WHERE  `nodeId` IN ('165796011','7141123011','1064954','16310101','228013') ORDER BY `autoId` ASC LIMIT 0,1000 [ RunTime:0.000468s ]
[ sql ] [ SQL ] SELECT * FROM `amz_node` WHERE  `nodeId` IN ('7141123011','1064954','16310101','228013','2625373011') ORDER BY `autoId` ASC LIMIT 0,1000 [ RunTime:0.000599s ]
[ sql ] [ SQL ] SELECT * FROM `amz_node` WHERE  `nodeId` IN ('7141123011','1064954','16310101','228013','2625373011') ORDER BY `autoId` ASC LIMIT 0,1000 [ RunTime:0.000538s ]
[ sql ] [ SQL ] SELECT * FROM `amz_node` WHERE  `nodeId` IN ('7141123011','1064954','16310101','228013','2625373011') ORDER BY `autoId` ASC LIMIT 0,1000 [ RunTime:0.000490s ]
[ sql ] [ SQL ] SELECT * FROM `amz_node` WHERE  `nodeId` IN ('7141123011','1064954','16310101','228013','2625373011') ORDER BY `autoId` ASC LIMIT 0,1000 [ RunTime:0.000575s ]
[ sql ] [ SQL ] SELECT * FROM `amz_node` WHERE  `nodeId` IN ('7141123011','1064954','16310101','228013','2625373011') ORDER BY `autoId` ASC LIMIT 0,1000 [ RunTime:0.000428s ]
[ sql ] [ SQL ] SELECT * FROM `amz_node` WHERE  `nodeId` IN ('7141123011','1064954','16310101','228013','2625373011') ORDER BY `autoId` ASC LIMIT 0,1000 [ RunTime:0.000495s ]
[ sql ] [ SQL ] SELECT * FROM `amz_node` WHERE  `nodeId` IN ('7141123011','1064954','16310101','228013','2625373011') ORDER BY `autoId` ASC LIMIT 0,1000 [ RunTime:0.000706s ]
[ sql ] [ SQL ] SELECT * FROM `amz_node` WHERE  `nodeId` IN ('165796011','7141123011','1064954','16310101','228013') ORDER BY `autoId` ASC LIMIT 0,1000 [ RunTime:0.000589s ]
[ sql ] [ SQL ] SELECT * FROM `amz_node` WHERE  `nodeId` IN ('165796011','7141123011','1064954','16310101','228013') ORDER BY `autoId` ASC LIMIT 0,1000 [ RunTime:0.000430s ]
[ sql ] [ SQL ] SELECT * FROM `amz_node` WHERE  `nodeId` IN ('165796011','7141123011','1064954','16310101','228013') ORDER BY `autoId` ASC LIMIT 0,1000 [ RunTime:0.000647s ]
[ sql ] [ SQL ] SELECT * FROM `amz_node` WHERE  `nodeId` IN ('165796011','7141123011','1064954','16310101','228013') ORDER BY `autoId` ASC LIMIT 0,1000 [ RunTime:0.000589s ]
[ sql ] [ SQL ] SELECT * FROM `amz_node` WHERE  `nodeId` IN ('165796011','7141123011','1064954','16310101','228013') ORDER BY `autoId` ASC LIMIT 0,1000 [ RunTime:0.000477s ]
[ sql ] [ SQL ] SELECT * FROM `amz_node` WHERE  `nodeId` IN ('165796011','163856011','7141123011','16310101','2335752011') ORDER BY `autoId` ASC LIMIT 0,1000 [ RunTime:0.000456s ]
[ sql ] [ SQL ] SELECT * FROM `amz_node` WHERE  `nodeId` IN ('165796011') ORDER BY `autoId` ASC LIMIT 0,1000 [ RunTime:0.000428s ]
[ sql ] [ SQL ] SELECT * FROM `amz_node` WHERE  `nodeId` IN ('165796011','163856011') ORDER BY `autoId` ASC LIMIT 0,1000 [ RunTime:0.000482s ]
[ sql ] [ SQL ] SELECT * FROM `amz_node` WHERE  `nodeId` IN ('2206275011','3006902011','8604903011','6205505011','917972') ORDER BY `autoId` ASC LIMIT 0,1000 [ RunTime:0.000439s ]
[ sql ] [ SQL ] SELECT * FROM `amz_node` WHERE  `nodeId` IN ('2206275011','3006902011','8604903011','6205505011','917972') ORDER BY `autoId` ASC LIMIT 0,1000 [ RunTime:0.000383s ]
[ sql ] [ SQL ] SELECT * FROM `amz_node` WHERE  `nodeId` IN ('2206275011','3006902011','8604903011','6205505011','917972') ORDER BY `autoId` ASC LIMIT 0,1000 [ RunTime:0.000430s ]
[ sql ] [ SQL ] SELECT * FROM `amz_node` WHERE  `nodeId` IN ('2206275011','3006902011','8604903011','6205505011','917972') ORDER BY `autoId` ASC LIMIT 0,1000 [ RunTime:0.000432s ]
