---------------------------------------------------------------
[2019-08-13T17:51:08+08:00] ::1 GET www.92amz.com/
[运行时间：0.160197s] [吞吐率：6.24req/s] [内存消耗：3,956.81kb] [文件加载：152]
[ info ] [ LANG ] /Users/chenyouxi/Desktop/WWW/91amz/thinkphp/lang/zh-cn.php
[ info ] [ ROUTE ] array (
)
[ info ] [ HEADER ] array (
  'host' => 'www.92amz.com',
  'accept' => 'text/html,application/xhtml+xml,application/xml;q=0.9,*/*;q=0.8',
  'upgrade-insecure-requests' => '1',
  'cookie' => 'Hm_lpvt_e10236d029ca2107cedf036344fb3570=1565689467; Hm_lvt_e10236d029ca2107cedf036344fb3570=1565581472; e67c9e70b49b9ce74888eec979f1da10=%7B867B53DE-EAF0-FCE2-BEEA-AFCC617CD80D%7D; PHPSESSID=7f83001315232e405cdab4567ddd632e; 0127c737817a00ab5dc2b948047bf75c=%7B7DD21BB6-C2B8-2196-B97A-CDB0CE4767E7%7D',
  'user-agent' => 'Mozilla/5.0 (Macintosh; Intel Mac OS X 10_14_6) AppleWebKit/605.1.15 (KHTML, like Gecko) Version/12.1.2 Safari/605.1.15',
  'accept-language' => 'zh-cn',
  'accept-encoding' => 'gzip, deflate',
  'connection' => 'keep-alive',
)
[ info ] [ PARAM ] array (
)
[ info ] [ DB ] INIT mysql
[ info ] [ VIEW ] /Users/chenyouxi/Desktop/WWW/91amz/application/website/view/index/Index.html [ array (
  0 => 'getSmsList',
  1 => 'userMobile',
  2 => 'smsCount',
  3 => 'isLogin',
  4 => 'userInfo',
  5 => 'title',
) ]
[ sql ] [ DB ] CONNECT:[ UseTime:0.001638s ] mysql:host=localhost;port=3306;dbname=amz;charset=utf8mb4
[ sql ] [ SQL ] SHOW COLUMNS FROM `amz_user` [ RunTime:0.001507s ]
[ sql ] [ SQL ] SELECT `integral`,`nickName`,`wxUnionid`,`userFace`,`sessionId`,`userMobile` FROM `amz_user` WHERE  ( userId=8015 ) LIMIT 1 [ RunTime:0.000346s ]
[ sql ] [ SQL ] SHOW COLUMNS FROM `amz_sms` [ RunTime:0.000635s ]
[ sql ] [ SQL ] SELECT COUNT(*) AS tp_count FROM `amz_sms` WHERE  `userId` = 8015  AND `status` = -1  AND `smsType` = 1 [ RunTime:0.000361s ]
[ sql ] [ SQL ] SELECT * FROM `amz_sms` WHERE  `userId` = 8015  AND `status` = -1  AND `smsType` = 1 ORDER BY `autoId` DESC LIMIT 0,2 [ RunTime:0.000455s ]
---------------------------------------------------------------
[2019-08-13T17:51:10+08:00] ::1 GET www.92amz.com/
[运行时间：0.111097s] [吞吐率：9.00req/s] [内存消耗：3,956.88kb] [文件加载：152]
[ info ] [ LANG ] /Users/chenyouxi/Desktop/WWW/91amz/thinkphp/lang/zh-cn.php
[ info ] [ ROUTE ] array (
)
[ info ] [ HEADER ] array (
  'host' => 'www.92amz.com',
  'accept' => 'text/html,application/xhtml+xml,application/xml;q=0.9,*/*;q=0.8',
  'upgrade-insecure-requests' => '1',
  'cookie' => 'Hm_lpvt_e10236d029ca2107cedf036344fb3570=1565689467; Hm_lvt_e10236d029ca2107cedf036344fb3570=1565581472; e67c9e70b49b9ce74888eec979f1da10=%7B867B53DE-EAF0-FCE2-BEEA-AFCC617CD80D%7D; PHPSESSID=7f83001315232e405cdab4567ddd632e; 0127c737817a00ab5dc2b948047bf75c=%7B7DD21BB6-C2B8-2196-B97A-CDB0CE4767E7%7D',
  'user-agent' => 'Mozilla/5.0 (Macintosh; Intel Mac OS X 10_14_6) AppleWebKit/605.1.15 (KHTML, like Gecko) Version/12.1.2 Safari/605.1.15',
  'accept-language' => 'zh-cn',
  'accept-encoding' => 'gzip, deflate',
  'connection' => 'keep-alive',
)
[ info ] [ PARAM ] array (
)
[ info ] [ DB ] INIT mysql
[ info ] [ VIEW ] /Users/chenyouxi/Desktop/WWW/91amz/application/website/view/index/Index.html [ array (
  0 => 'getSmsList',
  1 => 'userMobile',
  2 => 'smsCount',
  3 => 'isLogin',
  4 => 'userInfo',
  5 => 'title',
) ]
[ sql ] [ DB ] CONNECT:[ UseTime:0.000970s ] mysql:host=localhost;port=3306;dbname=amz;charset=utf8mb4
[ sql ] [ SQL ] SHOW COLUMNS FROM `amz_user` [ RunTime:0.001379s ]
[ sql ] [ SQL ] SELECT `integral`,`nickName`,`wxUnionid`,`userFace`,`sessionId`,`userMobile` FROM `amz_user` WHERE  ( userId=8015 ) LIMIT 1 [ RunTime:0.000365s ]
[ sql ] [ SQL ] SHOW COLUMNS FROM `amz_sms` [ RunTime:0.000586s ]
[ sql ] [ SQL ] SELECT COUNT(*) AS tp_count FROM `amz_sms` WHERE  `userId` = 8015  AND `status` = -1  AND `smsType` = 1 [ RunTime:0.000621s ]
[ sql ] [ SQL ] SELECT * FROM `amz_sms` WHERE  `userId` = 8015  AND `status` = -1  AND `smsType` = 1 ORDER BY `autoId` DESC LIMIT 0,2 [ RunTime:0.000436s ]
---------------------------------------------------------------
[2019-08-13T18:02:49+08:00] ::1 GET www.92amz.com/website/productList
[运行时间：0.328427s] [吞吐率：3.04req/s] [内存消耗：5,699.38kb] [文件加载：159]
[ info ] [ LANG ] /Users/chenyouxi/Desktop/WWW/91amz/thinkphp/lang/zh-cn.php
[ info ] [ ROUTE ] array (
  'rule' => 'website/productList',
  'route' => 'website/Product/pList',
  'option' => 
  array (
    'merge_rule_regex' => false,
  ),
  'var' => 
  array (
  ),
)
[ info ] [ HEADER ] array (
  'host' => 'www.92amz.com',
  'accept' => 'text/html,application/xhtml+xml,application/xml;q=0.9,*/*;q=0.8',
  'upgrade-insecure-requests' => '1',
  'cookie' => 'Hm_lpvt_e10236d029ca2107cedf036344fb3570=1565689467; Hm_lvt_e10236d029ca2107cedf036344fb3570=1565581472; e67c9e70b49b9ce74888eec979f1da10=%7B867B53DE-EAF0-FCE2-BEEA-AFCC617CD80D%7D; PHPSESSID=7f83001315232e405cdab4567ddd632e; 0127c737817a00ab5dc2b948047bf75c=%7B7DD21BB6-C2B8-2196-B97A-CDB0CE4767E7%7D',
  'user-agent' => 'Mozilla/5.0 (Macintosh; Intel Mac OS X 10_14_6) AppleWebKit/605.1.15 (KHTML, like Gecko) Version/12.1.2 Safari/605.1.15',
  'accept-language' => 'zh-cn',
  'accept-encoding' => 'gzip, deflate',
  'connection' => 'keep-alive',
)
[ info ] [ PARAM ] array (
)
[ info ] [ DB ] INIT mysql
[ info ] [ VIEW ] /Users/chenyouxi/Desktop/WWW/91amz/application/website/view/product/list.html [ array (
  0 => 'getSmsList',
  1 => 'userMobile',
  2 => 'smsCount',
  3 => 'isLogin',
  4 => 'userInfo',
  5 => 'page_count',
  6 => 'total_count',
  7 => 'page',
  8 => 'page_num',
  9 => 'title',
  10 => 'countryConfig',
  11 => 'nodeList',
) ]
[ sql ] [ DB ] CONNECT:[ UseTime:0.001437s ] mysql:host=localhost;port=3306;dbname=amz;charset=utf8mb4
[ sql ] [ SQL ] SHOW COLUMNS FROM `amz_user` [ RunTime:0.002148s ]
[ sql ] [ SQL ] SELECT `integral`,`nickName`,`wxUnionid`,`userFace`,`sessionId`,`userMobile` FROM `amz_user` WHERE  ( userId=8015 ) LIMIT 1 [ RunTime:0.000597s ]
[ sql ] [ SQL ] SHOW COLUMNS FROM `amz_sms` [ RunTime:0.000768s ]
[ sql ] [ SQL ] SELECT COUNT(*) AS tp_count FROM `amz_sms` WHERE  `userId` = 8015  AND `status` = -1  AND `smsType` = 1 [ RunTime:0.000820s ]
[ sql ] [ SQL ] SELECT * FROM `amz_sms` WHERE  `userId` = 8015  AND `status` = -1  AND `smsType` = 1 ORDER BY `autoId` DESC LIMIT 0,2 [ RunTime:0.000796s ]
[ sql ] [ SQL ] SHOW COLUMNS FROM `amz_node` [ RunTime:0.001035s ]
[ sql ] [ SQL ] SELECT * FROM `amz_node` WHERE  `country` = 'us' ORDER BY `autoId` DESC LIMIT 0,1000 [ RunTime:0.004049s ]
---------------------------------------------------------------
[2019-08-13T18:02:50+08:00] ::1 POST www.92amz.com/website/getNodeList
[运行时间：0.232450s] [吞吐率：4.30req/s] [内存消耗：4,226.20kb] [文件加载：159]
[ info ] [ LANG ] /Users/chenyouxi/Desktop/WWW/91amz/thinkphp/lang/zh-cn.php
[ info ] [ ROUTE ] array (
  'rule' => 'website/getNodeList',
  'route' => 'website/Shop/getNodeList',
  'option' => 
  array (
    'merge_rule_regex' => false,
  ),
  'var' => 
  array (
  ),
)
[ info ] [ HEADER ] array (
  'host' => 'www.92amz.com',
  'accept' => '*/*',
  'x-requested-with' => 'XMLHttpRequest',
  'accept-language' => 'zh-cn',
  'accept-encoding' => 'gzip, deflate',
  'cache-control' => 'max-age=0',
  'content-type' => 'application/x-www-form-urlencoded; charset=UTF-8',
  'origin' => 'http://www.92amz.com',
  'content-length' => '23',
  'user-agent' => 'Mozilla/5.0 (Macintosh; Intel Mac OS X 10_14_6) AppleWebKit/605.1.15 (KHTML, like Gecko) Version/12.1.2 Safari/605.1.15',
  'referer' => 'http://www.92amz.com/website/productList',
  'connection' => 'keep-alive',
  'cookie' => 'Hm_lpvt_e10236d029ca2107cedf036344fb3570=1565689467; Hm_lvt_e10236d029ca2107cedf036344fb3570=1565581472; e67c9e70b49b9ce74888eec979f1da10=%7B867B53DE-EAF0-FCE2-BEEA-AFCC617CD80D%7D; PHPSESSID=7f83001315232e405cdab4567ddd632e; 0127c737817a00ab5dc2b948047bf75c=%7B7DD21BB6-C2B8-2196-B97A-CDB0CE4767E7%7D',
)
[ info ] [ PARAM ] array (
  'country' => 'us',
  'type' => 'product',
)
[ info ] [ DB ] INIT mysql
[ info ] [ VIEW ] /Users/chenyouxi/Desktop/WWW/91amz/application/website/view/shop/category.html [ array (
  0 => 'getSmsList',
  1 => 'userMobile',
  2 => 'smsCount',
  3 => 'isLogin',
  4 => 'userInfo',
  5 => 'page_count',
  6 => 'total_count',
  7 => 'page',
  8 => 'page_num',
  9 => 'country',
  10 => 'list',
) ]
[ sql ] [ DB ] CONNECT:[ UseTime:0.003319s ] mysql:host=localhost;port=3306;dbname=amz;charset=utf8mb4
[ sql ] [ SQL ] SHOW COLUMNS FROM `amz_user` [ RunTime:0.001670s ]
[ sql ] [ SQL ] SELECT `integral`,`nickName`,`wxUnionid`,`userFace`,`sessionId`,`userMobile` FROM `amz_user` WHERE  ( userId=8015 ) LIMIT 1 [ RunTime:0.000422s ]
[ sql ] [ SQL ] SHOW COLUMNS FROM `amz_sms` [ RunTime:0.000581s ]
[ sql ] [ SQL ] SELECT COUNT(*) AS tp_count FROM `amz_sms` WHERE  `userId` = 8015  AND `status` = -1  AND `smsType` = 1 [ RunTime:0.000418s ]
[ sql ] [ SQL ] SELECT * FROM `amz_sms` WHERE  `userId` = 8015  AND `status` = -1  AND `smsType` = 1 ORDER BY `autoId` DESC LIMIT 0,2 [ RunTime:0.000439s ]
[ sql ] [ SQL ] SHOW COLUMNS FROM `amz_node` [ RunTime:0.000770s ]
[ sql ] [ SQL ] SELECT * FROM `amz_node` WHERE  `country` = 'us'  AND `parentNodeId` = '0' ORDER BY `nodeName` ASC LIMIT 0,1000 [ RunTime:0.000720s ]
---------------------------------------------------------------
[2019-08-13T18:03:32+08:00] ::1 GET www.92amz.com/website/productList
[运行时间：0.256640s] [吞吐率：3.90req/s] [内存消耗：5,699.44kb] [文件加载：159]
[ info ] [ LANG ] /Users/chenyouxi/Desktop/WWW/91amz/thinkphp/lang/zh-cn.php
[ info ] [ ROUTE ] array (
  'rule' => 'website/productList',
  'route' => 'website/Product/pList',
  'option' => 
  array (
    'merge_rule_regex' => false,
  ),
  'var' => 
  array (
  ),
)
[ info ] [ HEADER ] array (
  'host' => 'www.92amz.com',
  'accept' => 'text/html,application/xhtml+xml,application/xml;q=0.9,*/*;q=0.8',
  'upgrade-insecure-requests' => '1',
  'cookie' => 'Hm_lpvt_e10236d029ca2107cedf036344fb3570=1565690570; Hm_lvt_e10236d029ca2107cedf036344fb3570=1565581472; e67c9e70b49b9ce74888eec979f1da10=%7B867B53DE-EAF0-FCE2-BEEA-AFCC617CD80D%7D; PHPSESSID=7f83001315232e405cdab4567ddd632e; 0127c737817a00ab5dc2b948047bf75c=%7B7DD21BB6-C2B8-2196-B97A-CDB0CE4767E7%7D',
  'user-agent' => 'Mozilla/5.0 (Macintosh; Intel Mac OS X 10_14_6) AppleWebKit/605.1.15 (KHTML, like Gecko) Version/12.1.2 Safari/605.1.15',
  'accept-language' => 'zh-cn',
  'accept-encoding' => 'gzip, deflate',
  'connection' => 'keep-alive',
)
[ info ] [ PARAM ] array (
)
[ info ] [ DB ] INIT mysql
[ info ] [ VIEW ] /Users/chenyouxi/Desktop/WWW/91amz/application/website/view/product/list.html [ array (
  0 => 'getSmsList',
  1 => 'userMobile',
  2 => 'smsCount',
  3 => 'isLogin',
  4 => 'userInfo',
  5 => 'page_count',
  6 => 'total_count',
  7 => 'page',
  8 => 'page_num',
  9 => 'title',
  10 => 'countryConfig',
  11 => 'nodeList',
) ]
[ sql ] [ DB ] CONNECT:[ UseTime:0.003017s ] mysql:host=localhost;port=3306;dbname=amz;charset=utf8mb4
[ sql ] [ SQL ] SHOW COLUMNS FROM `amz_user` [ RunTime:0.001529s ]
[ sql ] [ SQL ] SELECT `integral`,`nickName`,`wxUnionid`,`userFace`,`sessionId`,`userMobile` FROM `amz_user` WHERE  ( userId=8015 ) LIMIT 1 [ RunTime:0.000611s ]
[ sql ] [ SQL ] SHOW COLUMNS FROM `amz_sms` [ RunTime:0.000875s ]
[ sql ] [ SQL ] SELECT COUNT(*) AS tp_count FROM `amz_sms` WHERE  `userId` = 8015  AND `status` = -1  AND `smsType` = 1 [ RunTime:0.000505s ]
[ sql ] [ SQL ] SELECT * FROM `amz_sms` WHERE  `userId` = 8015  AND `status` = -1  AND `smsType` = 1 ORDER BY `autoId` DESC LIMIT 0,2 [ RunTime:0.000904s ]
[ sql ] [ SQL ] SHOW COLUMNS FROM `amz_node` [ RunTime:0.000920s ]
[ sql ] [ SQL ] SELECT * FROM `amz_node` WHERE  `country` = 'us' ORDER BY `autoId` DESC LIMIT 0,1000 [ RunTime:0.003368s ]
---------------------------------------------------------------
[2019-08-13T18:03:32+08:00] ::1 POST www.92amz.com/website/getNodeList
[运行时间：0.131839s] [吞吐率：7.59req/s] [内存消耗：4,226.20kb] [文件加载：159]
[ info ] [ LANG ] /Users/chenyouxi/Desktop/WWW/91amz/thinkphp/lang/zh-cn.php
[ info ] [ ROUTE ] array (
  'rule' => 'website/getNodeList',
  'route' => 'website/Shop/getNodeList',
  'option' => 
  array (
    'merge_rule_regex' => false,
  ),
  'var' => 
  array (
  ),
)
[ info ] [ HEADER ] array (
  'host' => 'www.92amz.com',
  'accept' => '*/*',
  'x-requested-with' => 'XMLHttpRequest',
  'accept-language' => 'zh-cn',
  'accept-encoding' => 'gzip, deflate',
  'cache-control' => 'max-age=0',
  'content-type' => 'application/x-www-form-urlencoded; charset=UTF-8',
  'origin' => 'http://www.92amz.com',
  'content-length' => '23',
  'user-agent' => 'Mozilla/5.0 (Macintosh; Intel Mac OS X 10_14_6) AppleWebKit/605.1.15 (KHTML, like Gecko) Version/12.1.2 Safari/605.1.15',
  'referer' => 'http://www.92amz.com/website/productList',
  'connection' => 'keep-alive',
  'cookie' => 'Hm_lpvt_e10236d029ca2107cedf036344fb3570=1565690570; Hm_lvt_e10236d029ca2107cedf036344fb3570=1565581472; e67c9e70b49b9ce74888eec979f1da10=%7B867B53DE-EAF0-FCE2-BEEA-AFCC617CD80D%7D; PHPSESSID=7f83001315232e405cdab4567ddd632e; 0127c737817a00ab5dc2b948047bf75c=%7B7DD21BB6-C2B8-2196-B97A-CDB0CE4767E7%7D',
)
[ info ] [ PARAM ] array (
  'country' => 'us',
  'type' => 'product',
)
[ info ] [ DB ] INIT mysql
[ info ] [ VIEW ] /Users/chenyouxi/Desktop/WWW/91amz/application/website/view/shop/category.html [ array (
  0 => 'getSmsList',
  1 => 'userMobile',
  2 => 'smsCount',
  3 => 'isLogin',
  4 => 'userInfo',
  5 => 'page_count',
  6 => 'total_count',
  7 => 'page',
  8 => 'page_num',
  9 => 'country',
  10 => 'list',
) ]
[ sql ] [ DB ] CONNECT:[ UseTime:0.002793s ] mysql:host=localhost;port=3306;dbname=amz;charset=utf8mb4
[ sql ] [ SQL ] SHOW COLUMNS FROM `amz_user` [ RunTime:0.001016s ]
[ sql ] [ SQL ] SELECT `integral`,`nickName`,`wxUnionid`,`userFace`,`sessionId`,`userMobile` FROM `amz_user` WHERE  ( userId=8015 ) LIMIT 1 [ RunTime:0.000342s ]
[ sql ] [ SQL ] SHOW COLUMNS FROM `amz_sms` [ RunTime:0.000749s ]
[ sql ] [ SQL ] SELECT COUNT(*) AS tp_count FROM `amz_sms` WHERE  `userId` = 8015  AND `status` = -1  AND `smsType` = 1 [ RunTime:0.000349s ]
[ sql ] [ SQL ] SELECT * FROM `amz_sms` WHERE  `userId` = 8015  AND `status` = -1  AND `smsType` = 1 ORDER BY `autoId` DESC LIMIT 0,2 [ RunTime:0.000344s ]
[ sql ] [ SQL ] SHOW COLUMNS FROM `amz_node` [ RunTime:0.000832s ]
[ sql ] [ SQL ] SELECT * FROM `amz_node` WHERE  `country` = 'us'  AND `parentNodeId` = '0' ORDER BY `nodeName` ASC LIMIT 0,1000 [ RunTime:0.000570s ]
