---------------------------------------------------------------
[2019-08-17T13:29:09+08:00] ::1 GET www.92amz.com/website/article
[运行时间：0.365562s] [吞吐率：2.74req/s] [内存消耗：4,255.44kb] [文件加载：154]
[ info ] [ LANG ] /Users/chenyouxi/Desktop/WWW/91amz/thinkphp/lang/zh-cn.php
[ info ] [ ROUTE ] array (
  'rule' => 'website/article',
  'route' => 'website/Article/index',
  'option' => 
  array (
    'merge_rule_regex' => false,
  ),
  'var' => 
  array (
  ),
)
[ info ] [ HEADER ] array (
  'host' => 'www.92amz.com',
  'cookie' => 'Hm_lpvt_e10236d029ca2107cedf036344fb3570=1565947576; Hm_lvt_e10236d029ca2107cedf036344fb3570=1565581472,1565935156,1565936990; PHPSESSID=a5af36fc49155317817b14159c461ddc; e67c9e70b49b9ce74888eec979f1da10=%7B99F597E4-7A6A-E147-1481-393C85ED4B21%7D; _ga=GA1.2.248447980.1565852938; 0127c737817a00ab5dc2b948047bf75c=%7B7DD21BB6-C2B8-2196-B97A-CDB0CE4767E7%7D',
  'connection' => 'keep-alive',
  'upgrade-insecure-requests' => '1',
  'accept' => 'text/html,application/xhtml+xml,application/xml;q=0.9,*/*;q=0.8',
  'user-agent' => 'Mozilla/5.0 (Macintosh; Intel Mac OS X 10_14_6) AppleWebKit/605.1.15 (KHTML, like Gecko) Version/12.1.2 Safari/605.1.15',
  'referer' => 'http://www.92amz.com/website/productList',
  'accept-language' => 'zh-cn',
  'accept-encoding' => 'gzip, deflate',
)
[ info ] [ PARAM ] array (
)
[ info ] [ DB ] INIT mysql
[ info ] [ VIEW ] /Users/chenyouxi/Desktop/WWW/91amz/application/website/view/article/list.html [ array (
  0 => 'system',
  1 => 'getSmsList',
  2 => 'userMobile',
  3 => 'smsCount',
  4 => 'isLogin',
  5 => 'userInfo',
  6 => 'page_count',
  7 => 'total_count',
  8 => 'page',
  9 => 'page_num',
  10 => 'categoryList',
  11 => 'title',
  12 => 'cid',
) ]
[ sql ] [ DB ] CONNECT:[ UseTime:0.003235s ] mysql:host=localhost;port=3306;dbname=amz;charset=utf8mb4
[ sql ] [ SQL ] SHOW COLUMNS FROM `amz_system` [ RunTime:0.010206s ]
[ sql ] [ SQL ] SELECT * FROM `amz_system` ORDER BY `sort`,`autoId` DESC [ RunTime:0.003066s ]
[ sql ] [ SQL ] SHOW COLUMNS FROM `amz_article_category` [ RunTime:0.003965s ]
[ sql ] [ SQL ] SELECT * FROM `amz_article_category` WHERE  `status` = 1 ORDER BY `autoId` DESC LIMIT 0,100 [ RunTime:0.003357s ]
[ sql ] [ SQL ] SHOW COLUMNS FROM `amz_article` [ RunTime:0.002975s ]
[ sql ] [ SQL ] SELECT COUNT(*) AS tp_count FROM `amz_article` WHERE  `categoryId` = 2  AND `isDel` = 0 [ RunTime:0.001332s ]
[ sql ] [ SQL ] SELECT COUNT(*) AS tp_count FROM `amz_article` WHERE  `categoryId` = 1  AND `isDel` = 0 [ RunTime:0.000371s ]
---------------------------------------------------------------
[2019-08-17T13:29:10+08:00] ::1 GET www.92amz.com/website/article?cid=&page=1
[运行时间：0.112673s] [吞吐率：8.88req/s] [内存消耗：3,898.20kb] [文件加载：150]
[ info ] [ LANG ] /Users/chenyouxi/Desktop/WWW/91amz/thinkphp/lang/zh-cn.php
[ info ] [ ROUTE ] array (
  'rule' => 'website/article',
  'route' => 'website/Article/index',
  'option' => 
  array (
    'merge_rule_regex' => false,
  ),
  'var' => 
  array (
  ),
)
[ info ] [ HEADER ] array (
  'host' => 'www.92amz.com',
  'accept-encoding' => 'gzip, deflate',
  'cookie' => 'Hm_lpvt_e10236d029ca2107cedf036344fb3570=1565947576; Hm_lvt_e10236d029ca2107cedf036344fb3570=1565581472,1565935156,1565936990; PHPSESSID=a5af36fc49155317817b14159c461ddc; e67c9e70b49b9ce74888eec979f1da10=%7B99F597E4-7A6A-E147-1481-393C85ED4B21%7D; _ga=GA1.2.248447980.1565852938; 0127c737817a00ab5dc2b948047bf75c=%7B7DD21BB6-C2B8-2196-B97A-CDB0CE4767E7%7D',
  'connection' => 'keep-alive',
  'accept' => 'application/json, text/javascript, */*; q=0.01',
  'user-agent' => 'Mozilla/5.0 (Macintosh; Intel Mac OS X 10_14_6) AppleWebKit/605.1.15 (KHTML, like Gecko) Version/12.1.2 Safari/605.1.15',
  'referer' => 'http://www.92amz.com/website/article',
  'accept-language' => 'zh-cn',
  'x-requested-with' => 'XMLHttpRequest',
)
[ info ] [ PARAM ] array (
  'cid' => '',
  'page' => '1',
)
[ info ] [ DB ] INIT mysql
[ sql ] [ DB ] CONNECT:[ UseTime:0.000394s ] mysql:host=localhost;port=3306;dbname=amz;charset=utf8mb4
[ sql ] [ SQL ] SHOW COLUMNS FROM `amz_system` [ RunTime:0.000873s ]
[ sql ] [ SQL ] SELECT * FROM `amz_system` ORDER BY `sort`,`autoId` DESC [ RunTime:0.000725s ]
[ sql ] [ SQL ] SHOW COLUMNS FROM `amz_article_category` [ RunTime:0.000843s ]
[ sql ] [ SQL ] SELECT * FROM `amz_article_category` WHERE  `status` = 1 ORDER BY `autoId` DESC LIMIT 0,100 [ RunTime:0.001120s ]
[ sql ] [ SQL ] SHOW COLUMNS FROM `amz_article` [ RunTime:0.000861s ]
[ sql ] [ SQL ] SELECT COUNT(*) AS tp_count FROM `amz_article` WHERE  `categoryId` = 2  AND `isDel` = 0 [ RunTime:0.001554s ]
[ sql ] [ SQL ] SELECT COUNT(*) AS tp_count FROM `amz_article` WHERE  `categoryId` = 1  AND `isDel` = 0 [ RunTime:0.001148s ]
[ sql ] [ SQL ] SELECT `a`.`autoId`,`a`.`title`,`a`.`content`,`a`.`addTime`,`c`.`category_name`,`c`.`status`,`a`.`updateTime`,`a`.`categoryId` FROM `amz_article` `a` INNER JOIN `amz_article_category` `c` ON `a`.`categoryId`=`c`.`autoId` WHERE  `isDel` = 0 LIMIT 0,1 [ RunTime:0.000682s ]
[ sql ] [ SQL ] SELECT COUNT(*) AS tp_count FROM `amz_article` WHERE  `isDel` = 0 [ RunTime:0.000404s ]
